2025-08-18 07:39:57,791 [INFO] 🚀 Starting upload process...

2025-08-18 07:39:57,910 [INFO] ✅ Uploaded: W4405987118.pdf + W4405987118.json
2025-08-18 07:39:57,920 [INFO] ✅ Uploaded: W4401022983.pdf + W4401022983.json
2025-08-18 07:39:57,969 [INFO] ✅ Uploaded: W4390811658.pdf + W4390811658.json
2025-08-18 07:39:57,995 [INFO] ✅ Uploaded: W4390937897.pdf + W4390937897.json
2025-08-18 07:39:58,013 [INFO] ✅ Uploaded: W4406352963.pdf + W4406352963.json
2025-08-18 07:39:58,042 [INFO] ✅ Uploaded: W4395089035.pdf + W4395089035.json
2025-08-18 07:39:58,166 [INFO] ✅ Uploaded: W4393148199.pdf + W4393148199.json
2025-08-18 07:39:58,194 [INFO] ✅ Uploaded: W4396680531.pdf + W4396680531.json
2025-08-18 07:39:58,213 [INFO] ✅ Uploaded: W4393147681.pdf + W4393147681.json
2025-08-18 07:39:58,223 [INFO] ✅ Uploaded: W4391951331.pdf + W4391951331.json
2025-08-18 07:39:58,246 [INFO] ✅ Uploaded: W4395450924.pdf + W4395450924.json
2025-08-18 07:39:58,280 [INFO] ✅ Uploaded: W4393234129.pdf + W4393234129.json
2025-08-18 07:39:58,535 [INFO] ✅ Uploaded: W4400402148.pdf + W4400402148.json
2025-08-18 07:39:58,572 [INFO] ✅ Uploaded: W4394000017.pdf + W4394000017.json
2025-08-18 07:39:58,594 [INFO] ✅ Uploaded: W4406362370.pdf + W4406362370.json
2025-08-18 07:39:58,613 [INFO] ✅ Uploaded: W4393621326.pdf + W4393621326.json
2025-08-18 07:39:58,678 [INFO] ✅ Uploaded: W4401042427.pdf + W4401042427.json
2025-08-18 07:39:58,804 [INFO] ✅ Uploaded: W4393156585.pdf + W4393156585.json
2025-08-18 07:39:58,818 [INFO] ✅ Uploaded: W4393229399.pdf + W4393229399.json
2025-08-18 07:39:58,845 [INFO] ✅ Uploaded: W4394797211.pdf + W4394797211.json
2025-08-18 07:39:58,845 [INFO] 
📦 PDFs uploaded: 20
2025-08-18 07:39:58,845 [INFO] ⏩ Skipped: 0
2025-08-18 07:39:58,845 [INFO] ❌ Failed: 0
2025-08-18 07:39:58,849 [INFO] ✅ Upload complete.
