2025-08-07 11:25:39,765 [INFO] 🚀 Starting upload process...

2025-08-07 11:25:39,789 [INFO] ✅ Uploaded: W2144081223.pdf + W2144081223.json
2025-08-07 11:25:39,806 [INFO] ✅ Uploaded: W2159267296.pdf + W2159267296.json
2025-08-07 11:25:39,826 [INFO] ✅ Uploaded: W2151936673.pdf + W2151936673.json
2025-08-07 11:25:39,861 [INFO] ✅ Uploaded: W2134967712.pdf + W2134967712.json
2025-08-07 11:25:39,884 [INFO] ✅ Uploaded: W2035618305.pdf + W2035618305.json
2025-08-07 11:25:39,904 [INFO] ✅ Uploaded: W2160337655.pdf + W2160337655.json
2025-08-07 11:25:39,922 [INFO] ✅ Uploaded: W1969360633.pdf + W1969360633.json
2025-08-07 11:25:39,938 [INFO] ✅ Uploaded: W2136334331.pdf + W2136334331.json
2025-08-07 11:25:39,956 [INFO] ✅ Uploaded: W2148143831.pdf + W2148143831.json
2025-08-07 11:25:39,976 [INFO] ✅ Uploaded: W2152207030.pdf + W2152207030.json
2025-08-07 11:25:39,995 [INFO] ✅ Uploaded: W2149992227.pdf + W2149992227.json
2025-08-07 11:25:40,010 [INFO] ✅ Uploaded: W3005235420.pdf + W3005235420.json
2025-08-07 11:25:40,034 [INFO] ✅ Uploaded: W2076063813.pdf + W2076063813.json
2025-08-07 11:25:40,053 [INFO] ✅ Uploaded: W2141157874.pdf + W2141157874.json
2025-08-07 11:25:40,086 [INFO] ✅ Uploaded: W3103145119.pdf + W3103145119.json
2025-08-07 11:25:40,113 [INFO] ✅ Uploaded: W2157795344.pdf + W2157795344.json
2025-08-07 11:25:40,134 [INFO] ✅ Uploaded: W1951724000.pdf + W1951724000.json
2025-08-07 11:25:40,153 [INFO] ✅ Uploaded: W2008620264.pdf + W2008620264.json
2025-08-07 11:25:40,181 [INFO] ✅ Uploaded: W3003668884.pdf + W3003668884.json
2025-08-07 11:25:40,207 [INFO] ✅ Uploaded: W2093274439.pdf + W2093274439.json
2025-08-07 11:25:40,223 [INFO] ✅ Uploaded: W2084154288.pdf + W2084154288.json
2025-08-07 11:25:40,242 [INFO] ✅ Uploaded: W2131271579.pdf + W2131271579.json
2025-08-07 11:25:40,264 [INFO] ✅ Uploaded: W2006617902.pdf + W2006617902.json
2025-08-07 11:25:40,281 [INFO] ✅ Uploaded: W2103441770.pdf + W2103441770.json
2025-08-07 11:25:40,299 [INFO] ✅ Uploaded: W2142175015.pdf + W2142175015.json
2025-08-07 11:25:40,309 [INFO] ✅ Uploaded: W4292811746.pdf + W4292811746.json
2025-08-07 11:25:40,330 [INFO] ✅ Uploaded: W2160378127.pdf + W2160378127.json
2025-08-07 11:25:40,354 [INFO] ✅ Uploaded: W2114843025.pdf + W2114843025.json
2025-08-07 11:25:40,368 [INFO] ✅ Uploaded: W4248104288.pdf + W4248104288.json
2025-08-07 11:25:40,430 [INFO] ✅ Uploaded: W2004548026.pdf + W2004548026.json
2025-08-07 11:25:40,495 [INFO] ✅ Uploaded: W2412782625.pdf + W2412782625.json
2025-08-07 11:25:40,516 [INFO] ✅ Uploaded: W2139168999.pdf + W2139168999.json
2025-08-07 11:25:40,551 [INFO] ✅ Uploaded: W1031578623.pdf + W1031578623.json
2025-08-07 11:25:40,573 [INFO] ✅ Uploaded: W2020155291.pdf + W2020155291.json
2025-08-07 11:25:40,598 [INFO] ✅ Uploaded: W2112850441.pdf + W2112850441.json
2025-08-07 11:25:40,667 [INFO] ✅ Uploaded: W1532325895.pdf + W1532325895.json
2025-08-07 11:25:40,682 [INFO] ✅ Uploaded: W2151409320.pdf + W2151409320.json
2025-08-07 11:25:40,697 [INFO] ✅ Uploaded: W2020541351.pdf + W2020541351.json
2025-08-07 11:25:40,713 [INFO] ✅ Uploaded: W2159752439.pdf + W2159752439.json
2025-08-07 11:25:40,731 [INFO] ✅ Uploaded: W2024641550.pdf + W2024641550.json
2025-08-07 11:25:40,754 [INFO] ✅ Uploaded: W2070227796.pdf + W2070227796.json
2025-08-07 11:25:40,772 [INFO] ✅ Uploaded: W2130410032.pdf + W2130410032.json
2025-08-07 11:25:40,794 [INFO] ✅ Uploaded: W2131350133.pdf + W2131350133.json
2025-08-07 11:25:40,806 [INFO] ✅ Uploaded: W2125435699.pdf + W2125435699.json
2025-08-07 11:25:40,829 [INFO] ✅ Uploaded: W4297775537.pdf + W4297775537.json
2025-08-07 11:25:40,845 [INFO] ✅ Uploaded: W3123732438.pdf + W3123732438.json
2025-08-07 11:25:40,862 [INFO] ✅ Uploaded: W1970127494.pdf + W1970127494.json
2025-08-07 11:25:40,883 [INFO] ✅ Uploaded: W2120902911.pdf + W2120902911.json
2025-08-07 11:25:40,917 [INFO] ✅ Uploaded: W2163922914.pdf + W2163922914.json
2025-08-07 11:25:40,934 [INFO] ✅ Uploaded: W2057477511.pdf + W2057477511.json
2025-08-07 11:25:40,979 [INFO] ✅ Uploaded: W2159707944.pdf + W2159707944.json
2025-08-07 11:25:40,998 [INFO] ✅ Uploaded: W2133469585.pdf + W2133469585.json
2025-08-07 11:25:41,016 [INFO] ✅ Uploaded: W2097065948.pdf + W2097065948.json
2025-08-07 11:25:41,032 [INFO] ✅ Uploaded: W2107396783.pdf + W2107396783.json
2025-08-07 11:25:41,057 [INFO] ✅ Uploaded: W2056279562.pdf + W2056279562.json
2025-08-07 11:25:41,069 [INFO] ✅ Uploaded: W2118338381.pdf + W2118338381.json
2025-08-07 11:25:41,084 [INFO] ✅ Uploaded: W2026907619.pdf + W2026907619.json
2025-08-07 11:25:41,119 [INFO] ✅ Uploaded: W2161899020.pdf + W2161899020.json
2025-08-07 11:25:41,139 [INFO] ✅ Uploaded: W2110603299.pdf + W2110603299.json
2025-08-07 11:25:41,154 [INFO] ✅ Uploaded: W2134526812.pdf + W2134526812.json
2025-08-07 11:25:41,171 [INFO] ✅ Uploaded: W2075950485.pdf + W2075950485.json
2025-08-07 11:25:41,201 [INFO] ✅ Uploaded: W2056944867.pdf + W2056944867.json
2025-08-07 11:25:41,220 [INFO] ✅ Uploaded: W2164599981.pdf + W2164599981.json
2025-08-07 11:25:41,240 [INFO] ✅ Uploaded: W2120357670.pdf + W2120357670.json
2025-08-07 11:25:41,254 [INFO] ✅ Uploaded: W3126094737.pdf + W3126094737.json
2025-08-07 11:25:41,273 [INFO] ✅ Uploaded: W2122410182.pdf + W2122410182.json
2025-08-07 11:25:41,291 [INFO] ✅ Uploaded: W2134233006.pdf + W2134233006.json
2025-08-07 11:25:41,311 [INFO] ✅ Uploaded: W4251751280.pdf + W4251751280.json
2025-08-07 11:25:41,328 [INFO] ✅ Uploaded: W2135625048.pdf + W2135625048.json
2025-08-07 11:25:41,344 [INFO] ✅ Uploaded: W1577577364.pdf + W1577577364.json
2025-08-07 11:25:41,368 [INFO] ✅ Uploaded: W2017196167.pdf + W2017196167.json
2025-08-07 11:25:41,386 [INFO] ✅ Uploaded: W2183341477.pdf + W2183341477.json
2025-08-07 11:25:41,408 [INFO] ✅ Uploaded: W2168696662.pdf + W2168696662.json
2025-08-07 11:25:41,444 [INFO] ✅ Uploaded: W4293584584.pdf + W4293584584.json
2025-08-07 11:25:41,462 [INFO] ✅ Uploaded: W1993663609.pdf + W1993663609.json
2025-08-07 11:25:41,476 [INFO] ✅ Uploaded: W2103546861.pdf + W2103546861.json
2025-08-07 11:25:41,497 [INFO] ✅ Uploaded: W2964350391.pdf + W2964350391.json
2025-08-07 11:25:41,516 [INFO] ✅ Uploaded: W2161339576.pdf + W2161339576.json
2025-08-07 11:25:41,547 [INFO] ✅ Uploaded: W2164154943.pdf + W2164154943.json
2025-08-07 11:25:41,566 [INFO] ✅ Uploaded: W2132629607.pdf + W2132629607.json
2025-08-07 11:25:41,592 [INFO] ✅ Uploaded: W2214074259.pdf + W2214074259.json
2025-08-07 11:25:41,604 [INFO] ✅ Uploaded: W2159482845.pdf + W2159482845.json
2025-08-07 11:25:41,620 [INFO] ✅ Uploaded: W2432517183.pdf + W2432517183.json
2025-08-07 11:25:41,645 [INFO] ✅ Uploaded: W2549139847.pdf + W2549139847.json
2025-08-07 11:25:41,664 [INFO] ✅ Uploaded: W2108718991.pdf + W2108718991.json
2025-08-07 11:25:41,701 [INFO] ✅ Uploaded: W1903029394.pdf + W1903029394.json
2025-08-07 11:25:41,724 [INFO] ✅ Uploaded: W2124637492.pdf + W2124637492.json
2025-08-07 11:25:41,750 [INFO] ✅ Uploaded: W2110052313.pdf + W2110052313.json
2025-08-07 11:25:41,765 [INFO] ✅ Uploaded: W2099574482.pdf + W2099574482.json
2025-08-07 11:25:41,788 [INFO] ✅ Uploaded: W2151554678.pdf + W2151554678.json
2025-08-07 11:25:41,811 [INFO] ✅ Uploaded: W2737217596.pdf + W2737217596.json
2025-08-07 11:25:41,824 [INFO] ✅ Uploaded: W4248872320.pdf + W4248872320.json
2025-08-07 11:25:41,834 [INFO] ✅ Uploaded: W2163815564.pdf + W2163815564.json
2025-08-07 11:25:41,848 [INFO] ✅ Uploaded: W2099540110.pdf + W2099540110.json
2025-08-07 11:25:41,871 [INFO] ✅ Uploaded: W2104005232.pdf + W2104005232.json
2025-08-07 11:25:41,891 [INFO] ✅ Uploaded: W2327037637.pdf + W2327037637.json
2025-08-07 11:25:41,901 [INFO] ✅ Uploaded: W2081098333.pdf + W2081098333.json
2025-08-07 11:25:41,935 [INFO] ✅ Uploaded: W2034285706.pdf + W2034285706.json
2025-08-07 11:25:41,964 [INFO] ✅ Uploaded: W2963881378.pdf + W2963881378.json
2025-08-07 11:25:41,992 [INFO] ✅ Uploaded: W1966327575.pdf + W1966327575.json
2025-08-07 11:25:42,021 [INFO] ✅ Uploaded: W2900569176.pdf + W2900569176.json
2025-08-07 11:25:42,046 [INFO] ✅ Uploaded: W2102278945.pdf + W2102278945.json
2025-08-07 11:25:42,064 [INFO] ✅ Uploaded: W1832693441.pdf + W1832693441.json
2025-08-07 11:25:42,089 [INFO] ✅ Uploaded: W1906197854.pdf + W1906197854.json
2025-08-07 11:25:42,121 [INFO] ✅ Uploaded: W2122838852.pdf + W2122838852.json
2025-08-07 11:25:42,153 [INFO] ✅ Uploaded: W3123091495.pdf + W3123091495.json
2025-08-07 11:25:42,163 [INFO] ✅ Uploaded: W4236523229.pdf + W4236523229.json
2025-08-07 11:25:42,189 [INFO] ✅ Uploaded: W2128084896.pdf + W2128084896.json
2025-08-07 11:25:42,215 [INFO] ✅ Uploaded: W2618530766.pdf + W2618530766.json
2025-08-07 11:25:42,333 [INFO] ✅ Uploaded: W2004778468.pdf + W2004778468.json
2025-08-07 11:25:42,363 [INFO] ✅ Uploaded: W2108921801.pdf + W2108921801.json
2025-08-07 11:25:42,396 [INFO] ✅ Uploaded: W2963420686.pdf + W2963420686.json
2025-08-07 11:25:42,405 [INFO] ✅ Uploaded: W2148534890.pdf + W2148534890.json
2025-08-07 11:25:42,422 [INFO] ✅ Uploaded: W2166974667.pdf + W2166974667.json
2025-08-07 11:25:42,495 [INFO] ✅ Uploaded: W2962858109.pdf + W2962858109.json
2025-08-07 11:25:42,514 [INFO] ✅ Uploaded: W1971421925.pdf + W1971421925.json
2025-08-07 11:25:42,543 [INFO] ✅ Uploaded: W2111211467.pdf + W2111211467.json
2025-08-07 11:25:42,567 [INFO] ✅ Uploaded: W2097117768.pdf + W2097117768.json
2025-08-07 11:25:42,591 [INFO] ✅ Uploaded: W2148606196.pdf + W2148606196.json
2025-08-07 11:25:42,609 [INFO] ✅ Uploaded: W2799524357.pdf + W2799524357.json
2025-08-07 11:25:42,626 [INFO] ✅ Uploaded: W2163341755.pdf + W2163341755.json
2025-08-07 11:25:42,643 [INFO] ✅ Uploaded: W2099471712.pdf + W2099471712.json
2025-08-07 11:25:42,683 [INFO] ✅ Uploaded: W2121947440.pdf + W2121947440.json
2025-08-07 11:25:42,699 [INFO] ✅ Uploaded: W2137079713.pdf + W2137079713.json
2025-08-07 11:25:42,717 [INFO] ✅ Uploaded: W2774486220.pdf + W2774486220.json
2025-08-07 11:25:42,732 [INFO] ✅ Uploaded: W2009435671.pdf + W2009435671.json
2025-08-07 11:25:42,753 [INFO] ✅ Uploaded: W2099085143.pdf + W2099085143.json
2025-08-07 11:25:42,804 [INFO] ✅ Uploaded: W2132984323.pdf + W2132984323.json
2025-08-07 11:25:42,821 [INFO] ✅ Uploaded: W2136879569.pdf + W2136879569.json
2025-08-07 11:25:42,834 [INFO] ✅ Uploaded: W1554663460.pdf + W1554663460.json
2025-08-07 11:25:42,848 [INFO] ✅ Uploaded: W2155628349.pdf + W2155628349.json
2025-08-07 11:25:42,945 [INFO] ✅ Uploaded: W2963073614.pdf + W2963073614.json
2025-08-07 11:25:42,973 [INFO] ✅ Uploaded: W2963276645.pdf + W2963276645.json
2025-08-07 11:25:43,067 [INFO] ✅ Uploaded: W2067404301.pdf + W2067404301.json
2025-08-07 11:25:43,082 [INFO] ✅ Uploaded: W2608014122.pdf + W2608014122.json
2025-08-07 11:25:43,099 [INFO] ✅ Uploaded: W2132454074.pdf + W2132454074.json
2025-08-07 11:25:43,110 [INFO] ✅ Uploaded: W2127396309.pdf + W2127396309.json
2025-08-07 11:25:43,154 [INFO] ✅ Uploaded: W2259938310.pdf + W2259938310.json
2025-08-07 11:25:43,177 [INFO] ✅ Uploaded: W2110835349.pdf + W2110835349.json
2025-08-07 11:25:43,194 [INFO] ✅ Uploaded: W2789843538.pdf + W2789843538.json
2025-08-07 11:25:43,203 [INFO] ✅ Uploaded: W1995031937.pdf + W1995031937.json
2025-08-07 11:25:43,223 [INFO] ✅ Uploaded: W2145096794.pdf + W2145096794.json
2025-08-07 11:25:43,240 [INFO] ✅ Uploaded: W2095293504.pdf + W2095293504.json
2025-08-07 11:25:43,259 [INFO] ✅ Uploaded: W2117140276.pdf + W2117140276.json
2025-08-07 11:25:43,270 [INFO] ✅ Uploaded: W2103017472.pdf + W2103017472.json
2025-08-07 11:25:43,280 [INFO] ✅ Uploaded: W1570448133.pdf + W1570448133.json
2025-08-07 11:25:43,341 [INFO] ✅ Uploaded: W2592929672.pdf + W2592929672.json
2025-08-07 11:25:43,362 [INFO] ✅ Uploaded: W4294541781.pdf + W4294541781.json
2025-08-07 11:25:43,383 [INFO] ✅ Uploaded: W3008443627.pdf + W3008443627.json
2025-08-07 11:25:43,404 [INFO] ✅ Uploaded: W2006096283.pdf + W2006096283.json
2025-08-07 11:25:43,415 [INFO] ✅ Uploaded: W2140190241.pdf + W2140190241.json
2025-08-07 11:25:43,430 [INFO] ✅ Uploaded: W2114104545.pdf + W2114104545.json
2025-08-07 11:25:43,456 [INFO] ✅ Uploaded: W2124026197.pdf + W2124026197.json
2025-08-07 11:25:43,489 [INFO] ✅ Uploaded: W2167279371.pdf + W2167279371.json
2025-08-07 11:25:43,516 [INFO] ✅ Uploaded: W2120145199.pdf + W2120145199.json
2025-08-07 11:25:43,534 [INFO] ✅ Uploaded: W3022808291.pdf + W3022808291.json
2025-08-07 11:25:43,593 [INFO] ✅ Uploaded: W2570343428.pdf + W2570343428.json
2025-08-07 11:25:43,615 [INFO] ✅ Uploaded: W2161633633.pdf + W2161633633.json
2025-08-07 11:25:43,630 [INFO] ✅ Uploaded: W2072970694.pdf + W2072970694.json
2025-08-07 11:25:43,647 [INFO] ✅ Uploaded: W3125688476.pdf + W3125688476.json
2025-08-07 11:25:43,688 [INFO] ✅ Uploaded: W2019465613.pdf + W2019465613.json
2025-08-07 11:25:43,715 [INFO] ✅ Uploaded: W2131681506.pdf + W2131681506.json
2025-08-07 11:25:43,742 [INFO] ✅ Uploaded: W2116199508.pdf + W2116199508.json
2025-08-07 11:25:43,778 [INFO] ✅ Uploaded: W2725897987.pdf + W2725897987.json
2025-08-07 11:25:43,788 [INFO] ✅ Uploaded: W2028302194.pdf + W2028302194.json
2025-08-07 11:25:43,805 [INFO] ✅ Uploaded: W2103496339.pdf + W2103496339.json
2025-08-07 11:25:43,830 [INFO] ✅ Uploaded: W2105846236.pdf + W2105846236.json
2025-08-07 11:25:43,849 [INFO] ✅ Uploaded: W1966078827.pdf + W1966078827.json
2025-08-07 11:25:43,862 [INFO] ✅ Uploaded: W2148698435.pdf + W2148698435.json
2025-08-07 11:25:43,874 [INFO] ✅ Uploaded: W2130509920.pdf + W2130509920.json
2025-08-07 11:25:43,899 [INFO] ✅ Uploaded: W3138516171.pdf + W3138516171.json
2025-08-07 11:25:43,965 [INFO] ✅ Uploaded: W2102605133.pdf + W2102605133.json
2025-08-07 11:25:43,979 [INFO] ✅ Uploaded: W2061935394.pdf + W2061935394.json
2025-08-07 11:25:44,005 [INFO] ✅ Uploaded: W2146512944.pdf + W2146512944.json
2025-08-07 11:25:44,057 [INFO] ✅ Uploaded: W4232836212.pdf + W4232836212.json
2025-08-07 11:25:44,075 [INFO] ✅ Uploaded: W2098923148.pdf + W2098923148.json
2025-08-07 11:25:44,092 [INFO] ✅ Uploaded: W1566830427.pdf + W1566830427.json
2025-08-07 11:25:44,104 [INFO] ✅ Uploaded: W2599076725.pdf + W2599076725.json
2025-08-07 11:25:44,124 [INFO] ✅ Uploaded: W4292363360.pdf + W4292363360.json
2025-08-07 11:25:44,141 [INFO] ✅ Uploaded: W2021341670.pdf + W2021341670.json
2025-08-07 11:25:44,155 [INFO] ✅ Uploaded: W4247053599.pdf + W4247053599.json
2025-08-07 11:25:44,173 [INFO] ✅ Uploaded: W3146083582.pdf + W3146083582.json
2025-08-07 11:25:44,197 [INFO] ✅ Uploaded: W2194775991.pdf + W2194775991.json
2025-08-07 11:25:44,217 [INFO] ✅ Uploaded: W2173251738.pdf + W2173251738.json
2025-08-07 11:25:44,234 [INFO] ✅ Uploaded: W2127322768.pdf + W2127322768.json
2025-08-07 11:25:44,253 [INFO] ✅ Uploaded: W1985749074.pdf + W1985749074.json
2025-08-07 11:25:44,276 [INFO] ✅ Uploaded: W2804822363.pdf + W2804822363.json
2025-08-07 11:25:44,323 [INFO] ✅ Uploaded: W1990631438.pdf + W1990631438.json
2025-08-07 11:25:44,341 [INFO] ✅ Uploaded: W2123709218.pdf + W2123709218.json
2025-08-07 11:25:44,358 [INFO] ✅ Uploaded: W2142678478.pdf + W2142678478.json
2025-08-07 11:25:44,384 [INFO] ✅ Uploaded: W2028231353.pdf + W2028231353.json
2025-08-07 11:25:44,404 [INFO] ✅ Uploaded: W2159675211.pdf + W2159675211.json
2025-08-07 11:25:44,414 [INFO] ✅ Uploaded: W1563088657.pdf + W1563088657.json
2025-08-07 11:25:44,432 [INFO] ✅ Uploaded: W2160697532.pdf + W2160697532.json
2025-08-07 11:25:44,442 [INFO] ✅ Uploaded: W2154845780.pdf + W2154845780.json
2025-08-07 11:25:44,516 [INFO] ✅ Uploaded: W639708223.pdf + W639708223.json
2025-08-07 11:25:44,533 [INFO] ✅ Uploaded: W4295312788.pdf + W4295312788.json
2025-08-07 11:25:44,551 [INFO] ✅ Uploaded: W2138207763.pdf + W2138207763.json
2025-08-07 11:25:44,600 [INFO] ✅ Uploaded: W2560023338.pdf + W2560023338.json
2025-08-07 11:25:44,621 [INFO] ✅ Uploaded: W2118877769.pdf + W2118877769.json
2025-08-07 11:25:44,641 [INFO] ✅ Uploaded: W2128495200.pdf + W2128495200.json
2025-08-07 11:25:44,668 [INFO] ✅ Uploaded: W3099878876.pdf + W3099878876.json
2025-08-07 11:25:44,715 [INFO] ✅ Uploaded: W1978890358.pdf + W1978890358.json
2025-08-07 11:25:44,730 [INFO] ✅ Uploaded: W3102014803.pdf + W3102014803.json
2025-08-07 11:25:44,749 [INFO] ✅ Uploaded: W2951912016.pdf + W2951912016.json
2025-08-07 11:25:44,763 [INFO] ✅ Uploaded: W2170899200.pdf + W2170899200.json
2025-08-07 11:25:44,774 [INFO] ✅ Uploaded: W2102619694.pdf + W2102619694.json
2025-08-07 11:25:44,800 [INFO] ✅ Uploaded: W4239510810.pdf + W4239510810.json
2025-08-07 11:25:44,828 [INFO] ✅ Uploaded: W2302501749.pdf + W2302501749.json
2025-08-07 11:25:44,842 [INFO] ✅ Uploaded: W2038702827.pdf + W2038702827.json
2025-08-07 11:25:44,867 [INFO] ✅ Uploaded: W2944434778.pdf + W2944434778.json
2025-08-07 11:25:44,887 [INFO] ✅ Uploaded: W2087484885.pdf + W2087484885.json
2025-08-07 11:25:44,908 [INFO] ✅ Uploaded: W2035266068.pdf + W2035266068.json
2025-08-07 11:25:44,930 [INFO] ✅ Uploaded: W2156098321.pdf + W2156098321.json
2025-08-07 11:25:44,955 [INFO] ✅ Uploaded: W2009310436.pdf + W2009310436.json
2025-08-07 11:25:44,988 [INFO] ✅ Uploaded: W2560438049.pdf + W2560438049.json
2025-08-07 11:25:45,010 [INFO] ✅ Uploaded: W2150220236.pdf + W2150220236.json
2025-08-07 11:25:45,034 [INFO] ✅ Uploaded: W2150134853.pdf + W2150134853.json
2025-08-07 11:25:45,050 [INFO] ✅ Uploaded: W2133465414.pdf + W2133465414.json
2025-08-07 11:25:45,073 [INFO] ✅ Uploaded: W2145538332.pdf + W2145538332.json
2025-08-07 11:25:45,102 [INFO] ✅ Uploaded: W2154714625.pdf + W2154714625.json
2025-08-07 11:25:45,135 [INFO] ✅ Uploaded: W1677182931.pdf + W1677182931.json
2025-08-07 11:25:45,153 [INFO] ✅ Uploaded: W1499500424.pdf + W1499500424.json
2025-08-07 11:25:45,193 [INFO] ✅ Uploaded: W2128158076.pdf + W2128158076.json
2025-08-07 11:25:45,211 [INFO] ✅ Uploaded: W2990714382.pdf + W2990714382.json
2025-08-07 11:25:45,229 [INFO] ✅ Uploaded: W2401404581.pdf + W2401404581.json
2025-08-07 11:25:45,249 [INFO] ✅ Uploaded: W2111647009.pdf + W2111647009.json
2025-08-07 11:25:45,269 [INFO] ✅ Uploaded: W2963470893.pdf + W2963470893.json
2025-08-07 11:25:45,313 [INFO] ✅ Uploaded: W2150981663.pdf + W2150981663.json
2025-08-07 11:25:45,384 [INFO] ✅ Uploaded: W4292779060.pdf + W4292779060.json
2025-08-07 11:25:45,406 [INFO] ✅ Uploaded: W2161969291.pdf + W2161969291.json
2025-08-07 11:25:45,433 [INFO] ✅ Uploaded: W2015292449.pdf + W2015292449.json
2025-08-07 11:25:45,452 [INFO] ✅ Uploaded: W1988790447.pdf + W1988790447.json
2025-08-07 11:25:45,472 [INFO] ✅ Uploaded: W2119180969.pdf + W2119180969.json
2025-08-07 11:25:45,855 [INFO] ✅ Uploaded: W4292528167.pdf + W4292528167.json
2025-08-07 11:25:45,870 [INFO] ✅ Uploaded: W2166689829.pdf + W2166689829.json
2025-08-07 11:25:45,897 [INFO] ✅ Uploaded: W2017871657.pdf + W2017871657.json
2025-08-07 11:25:45,916 [INFO] ✅ Uploaded: W2970684805.pdf + W2970684805.json
2025-08-07 11:25:45,937 [INFO] ✅ Uploaded: W2565639579.pdf + W2565639579.json
2025-08-07 11:25:46,067 [INFO] ✅ Uploaded: W2034139177.pdf + W2034139177.json
2025-08-07 11:25:46,083 [INFO] ✅ Uploaded: W2158714788.pdf + W2158714788.json
2025-08-07 11:25:46,104 [INFO] ✅ Uploaded: W2111619626.pdf + W2111619626.json
2025-08-07 11:25:46,119 [INFO] ✅ Uploaded: W2031611770.pdf + W2031611770.json
2025-08-07 11:25:46,139 [INFO] ✅ Uploaded: W2161374186.pdf + W2161374186.json
2025-08-07 11:25:46,151 [INFO] ✅ Uploaded: W2108234281.pdf + W2108234281.json
2025-08-07 11:25:46,178 [INFO] ✅ Uploaded: W2963163009.pdf + W2963163009.json
2025-08-07 11:25:46,188 [INFO] ✅ Uploaded: W1678356000.pdf + W1678356000.json
2025-08-07 11:25:46,200 [INFO] ✅ Uploaded: W2141052558.pdf + W2141052558.json
2025-08-07 11:25:46,216 [INFO] ✅ Uploaded: W2127774996.pdf + W2127774996.json
2025-08-07 11:25:46,243 [INFO] ✅ Uploaded: W2963351448.pdf + W2963351448.json
2025-08-07 11:25:46,266 [INFO] ✅ Uploaded: W2051978340.pdf + W2051978340.json
2025-08-07 11:25:46,293 [INFO] ✅ Uploaded: W2928665623.pdf + W2928665623.json
2025-08-07 11:25:46,303 [INFO] ✅ Uploaded: W4388297464.pdf + W4388297464.json
2025-08-07 11:25:46,319 [INFO] ✅ Uploaded: W2128880918.pdf + W2128880918.json
2025-08-07 11:25:46,337 [INFO] ✅ Uploaded: W2132926880.pdf + W2132926880.json
2025-08-07 11:25:46,347 [INFO] ✅ Uploaded: W2140918013.pdf + W2140918013.json
2025-08-07 11:25:46,367 [INFO] ✅ Uploaded: W2531409750.pdf + W2531409750.json
2025-08-07 11:25:46,386 [INFO] ✅ Uploaded: W2157107905.pdf + W2157107905.json
2025-08-07 11:25:46,407 [INFO] ✅ Uploaded: W2169205464.pdf + W2169205464.json
2025-08-07 11:25:46,465 [INFO] ✅ Uploaded: W2963037989.pdf + W2963037989.json
2025-08-07 11:25:46,496 [INFO] ✅ Uploaded: W2752782242.pdf + W2752782242.json
2025-08-07 11:25:46,511 [INFO] ✅ Uploaded: W2135526934.pdf + W2135526934.json
2025-08-07 11:25:46,529 [INFO] ✅ Uploaded: W2222512263.pdf + W2222512263.json
2025-08-07 11:25:46,546 [INFO] ✅ Uploaded: W2106952837.pdf + W2106952837.json
2025-08-07 11:25:46,561 [INFO] ✅ Uploaded: W2158266834.pdf + W2158266834.json
2025-08-07 11:25:46,577 [INFO] ✅ Uploaded: W2180229411.pdf + W2180229411.json
2025-08-07 11:25:46,588 [INFO] ✅ Uploaded: W2128438887.pdf + W2128438887.json
2025-08-07 11:25:46,605 [INFO] ✅ Uploaded: W2097382368.pdf + W2097382368.json
2025-08-07 11:25:46,630 [INFO] ✅ Uploaded: W2119605622.pdf + W2119605622.json
2025-08-07 11:25:46,654 [INFO] ✅ Uploaded: W2121745948.pdf + W2121745948.json
2025-08-07 11:25:46,671 [INFO] ✅ Uploaded: W3118615836.pdf + W3118615836.json
2025-08-07 11:25:46,695 [INFO] ✅ Uploaded: W4236137412.pdf + W4236137412.json
2025-08-07 11:25:46,713 [INFO] ✅ Uploaded: W2165010366.pdf + W2165010366.json
2025-08-07 11:25:46,732 [INFO] ✅ Uploaded: W2964121744.pdf + W2964121744.json
2025-08-07 11:25:46,756 [INFO] ✅ Uploaded: W2152239989.pdf + W2152239989.json
2025-08-07 11:25:46,771 [INFO] ✅ Uploaded: W2036897871.pdf + W2036897871.json
2025-08-07 11:25:46,791 [INFO] ✅ Uploaded: W2164278908.pdf + W2164278908.json
2025-08-07 11:25:46,840 [INFO] ✅ Uploaded: W1996360405.pdf + W1996360405.json
2025-08-07 11:25:46,860 [INFO] ✅ Uploaded: W2727420541.pdf + W2727420541.json
2025-08-07 11:25:46,882 [INFO] ✅ Uploaded: W2105668062.pdf + W2105668062.json
2025-08-07 11:25:46,904 [INFO] ✅ Uploaded: W2962739339.pdf + W2962739339.json
2025-08-07 11:25:46,920 [INFO] ✅ Uploaded: W2169667133.pdf + W2169667133.json
2025-08-07 11:25:46,940 [INFO] ✅ Uploaded: W2152885278.pdf + W2152885278.json
2025-08-07 11:25:46,959 [INFO] ✅ Uploaded: W2965373594.pdf + W2965373594.json
2025-08-07 11:25:46,975 [INFO] ✅ Uploaded: W3006659024.pdf + W3006659024.json
2025-08-07 11:25:47,006 [INFO] ✅ Uploaded: W2024966118.pdf + W2024966118.json
2025-08-07 11:25:47,028 [INFO] ✅ Uploaded: W2150926065.pdf + W2150926065.json
2025-08-07 11:25:47,051 [INFO] ✅ Uploaded: W2132632499.pdf + W2132632499.json
2025-08-07 11:25:47,061 [INFO] ✅ Uploaded: W4294216483.pdf + W4294216483.json
2025-08-07 11:25:47,080 [INFO] ✅ Uploaded: W2157331557.pdf + W2157331557.json
2025-08-07 11:25:47,104 [INFO] ✅ Uploaded: W2963446712.pdf + W2963446712.json
2025-08-07 11:25:47,104 [INFO] 
📦 PDFs uploaded: 291
2025-08-07 11:25:47,104 [INFO] ⏩ Skipped: 0
2025-08-07 11:25:47,104 [INFO] ❌ Failed: 0
2025-08-07 11:25:47,104 [INFO] ✅ Upload complete.
2025-08-07 11:37:24,681 [INFO] 🚀 Starting upload process...

2025-08-07 11:37:24,710 [INFO] ✅ Uploaded: W2144081223.pdf + W2144081223.json
2025-08-07 11:37:24,734 [INFO] ✅ Uploaded: W2159267296.pdf + W2159267296.json
2025-08-07 11:37:24,762 [INFO] ✅ Uploaded: W2151936673.pdf + W2151936673.json
2025-08-07 11:37:24,798 [INFO] ✅ Uploaded: W2134967712.pdf + W2134967712.json
2025-08-07 11:37:24,830 [INFO] ✅ Uploaded: W2035618305.pdf + W2035618305.json
2025-08-07 11:37:24,852 [INFO] ✅ Uploaded: W2160337655.pdf + W2160337655.json
2025-08-07 11:37:24,870 [INFO] ✅ Uploaded: W1969360633.pdf + W1969360633.json
2025-08-07 11:37:24,890 [INFO] ✅ Uploaded: W2136334331.pdf + W2136334331.json
2025-08-07 11:37:24,915 [INFO] ✅ Uploaded: W2148143831.pdf + W2148143831.json
2025-08-07 11:37:24,941 [INFO] ✅ Uploaded: W2152207030.pdf + W2152207030.json
2025-08-07 11:37:24,966 [INFO] ✅ Uploaded: W2149992227.pdf + W2149992227.json
2025-08-07 11:37:24,980 [INFO] ✅ Uploaded: W3005235420.pdf + W3005235420.json
2025-08-07 11:37:25,012 [INFO] ✅ Uploaded: W2076063813.pdf + W2076063813.json
2025-08-07 11:37:25,034 [INFO] ✅ Uploaded: W2141157874.pdf + W2141157874.json
2025-08-07 11:37:25,074 [INFO] ✅ Uploaded: W3103145119.pdf + W3103145119.json
2025-08-07 11:37:25,101 [INFO] ✅ Uploaded: W2157795344.pdf + W2157795344.json
2025-08-07 11:37:25,136 [INFO] ✅ Uploaded: W1951724000.pdf + W1951724000.json
2025-08-07 11:37:25,158 [INFO] ✅ Uploaded: W2008620264.pdf + W2008620264.json
2025-08-07 11:37:25,189 [INFO] ✅ Uploaded: W3003668884.pdf + W3003668884.json
2025-08-07 11:37:25,216 [INFO] ✅ Uploaded: W2093274439.pdf + W2093274439.json
2025-08-07 11:37:25,239 [INFO] ✅ Uploaded: W2084154288.pdf + W2084154288.json
2025-08-07 11:37:25,267 [INFO] ✅ Uploaded: W2131271579.pdf + W2131271579.json
2025-08-07 11:37:25,295 [INFO] ✅ Uploaded: W2006617902.pdf + W2006617902.json
2025-08-07 11:37:25,313 [INFO] ✅ Uploaded: W2103441770.pdf + W2103441770.json
2025-08-07 11:37:25,337 [INFO] ✅ Uploaded: W2142175015.pdf + W2142175015.json
2025-08-07 11:37:25,350 [INFO] ✅ Uploaded: W4292811746.pdf + W4292811746.json
2025-08-07 11:37:25,384 [INFO] ✅ Uploaded: W2160378127.pdf + W2160378127.json
2025-08-07 11:37:25,414 [INFO] ✅ Uploaded: W2114843025.pdf + W2114843025.json
2025-08-07 11:37:25,429 [INFO] ✅ Uploaded: W4248104288.pdf + W4248104288.json
2025-08-07 11:37:25,496 [INFO] ✅ Uploaded: W2004548026.pdf + W2004548026.json
2025-08-07 11:37:25,568 [INFO] ✅ Uploaded: W2412782625.pdf + W2412782625.json
2025-08-07 11:37:25,597 [INFO] ✅ Uploaded: W2139168999.pdf + W2139168999.json
2025-08-07 11:37:25,640 [INFO] ✅ Uploaded: W1031578623.pdf + W1031578623.json
2025-08-07 11:37:25,665 [INFO] ✅ Uploaded: W2020155291.pdf + W2020155291.json
2025-08-07 11:37:25,698 [INFO] ✅ Uploaded: W2112850441.pdf + W2112850441.json
2025-08-07 11:37:25,781 [INFO] ✅ Uploaded: W1532325895.pdf + W1532325895.json
2025-08-07 11:37:25,801 [INFO] ✅ Uploaded: W2151409320.pdf + W2151409320.json
2025-08-07 11:37:25,822 [INFO] ✅ Uploaded: W2020541351.pdf + W2020541351.json
2025-08-07 11:37:25,840 [INFO] ✅ Uploaded: W2159752439.pdf + W2159752439.json
2025-08-07 11:37:25,858 [INFO] ✅ Uploaded: W2024641550.pdf + W2024641550.json
2025-08-07 11:37:25,883 [INFO] ✅ Uploaded: W2070227796.pdf + W2070227796.json
2025-08-07 11:37:25,907 [INFO] ✅ Uploaded: W2130410032.pdf + W2130410032.json
2025-08-07 11:37:25,933 [INFO] ✅ Uploaded: W2131350133.pdf + W2131350133.json
2025-08-07 11:37:25,946 [INFO] ✅ Uploaded: W2125435699.pdf + W2125435699.json
2025-08-07 11:37:25,975 [INFO] ✅ Uploaded: W4297775537.pdf + W4297775537.json
2025-08-07 11:37:25,999 [INFO] ✅ Uploaded: W3123732438.pdf + W3123732438.json
2025-08-07 11:37:26,023 [INFO] ✅ Uploaded: W1970127494.pdf + W1970127494.json
2025-08-07 11:37:26,051 [INFO] ✅ Uploaded: W2120902911.pdf + W2120902911.json
2025-08-07 11:37:26,086 [INFO] ✅ Uploaded: W2163922914.pdf + W2163922914.json
2025-08-07 11:37:26,111 [INFO] ✅ Uploaded: W2057477511.pdf + W2057477511.json
2025-08-07 11:37:26,164 [INFO] ✅ Uploaded: W2159707944.pdf + W2159707944.json
2025-08-07 11:37:26,188 [INFO] ✅ Uploaded: W2133469585.pdf + W2133469585.json
2025-08-07 11:37:26,209 [INFO] ✅ Uploaded: W2097065948.pdf + W2097065948.json
2025-08-07 11:37:26,231 [INFO] ✅ Uploaded: W2107396783.pdf + W2107396783.json
2025-08-07 11:37:26,262 [INFO] ✅ Uploaded: W2056279562.pdf + W2056279562.json
2025-08-07 11:37:26,276 [INFO] ✅ Uploaded: W2118338381.pdf + W2118338381.json
2025-08-07 11:37:26,297 [INFO] ✅ Uploaded: W2026907619.pdf + W2026907619.json
2025-08-07 11:37:26,336 [INFO] ✅ Uploaded: W2161899020.pdf + W2161899020.json
2025-08-07 11:37:26,367 [INFO] ✅ Uploaded: W2110603299.pdf + W2110603299.json
2025-08-07 11:37:26,390 [INFO] ✅ Uploaded: W2134526812.pdf + W2134526812.json
2025-08-07 11:37:26,413 [INFO] ✅ Uploaded: W2075950485.pdf + W2075950485.json
2025-08-07 11:37:26,448 [INFO] ✅ Uploaded: W2056944867.pdf + W2056944867.json
2025-08-07 11:37:26,472 [INFO] ✅ Uploaded: W2164599981.pdf + W2164599981.json
2025-08-07 11:37:26,499 [INFO] ✅ Uploaded: W2120357670.pdf + W2120357670.json
2025-08-07 11:37:26,514 [INFO] ✅ Uploaded: W3126094737.pdf + W3126094737.json
2025-08-07 11:37:26,536 [INFO] ✅ Uploaded: W2122410182.pdf + W2122410182.json
2025-08-07 11:37:26,565 [INFO] ✅ Uploaded: W2134233006.pdf + W2134233006.json
2025-08-07 11:37:26,598 [INFO] ✅ Uploaded: W4251751280.pdf + W4251751280.json
2025-08-07 11:37:26,629 [INFO] ✅ Uploaded: W2135625048.pdf + W2135625048.json
2025-08-07 11:37:26,643 [INFO] ✅ Uploaded: W1577577364.pdf + W1577577364.json
2025-08-07 11:37:26,678 [INFO] ✅ Uploaded: W2017196167.pdf + W2017196167.json
2025-08-07 11:37:26,704 [INFO] ✅ Uploaded: W2183341477.pdf + W2183341477.json
2025-08-07 11:37:26,732 [INFO] ✅ Uploaded: W2168696662.pdf + W2168696662.json
2025-08-07 11:37:26,778 [INFO] ✅ Uploaded: W4293584584.pdf + W4293584584.json
2025-08-07 11:37:26,798 [INFO] ✅ Uploaded: W1993663609.pdf + W1993663609.json
2025-08-07 11:37:26,820 [INFO] ✅ Uploaded: W2103546861.pdf + W2103546861.json
2025-08-07 11:37:26,846 [INFO] ✅ Uploaded: W2964350391.pdf + W2964350391.json
2025-08-07 11:37:26,861 [INFO] ✅ Uploaded: W2161339576.pdf + W2161339576.json
2025-08-07 11:37:26,895 [INFO] ✅ Uploaded: W2164154943.pdf + W2164154943.json
2025-08-07 11:37:26,919 [INFO] ✅ Uploaded: W2132629607.pdf + W2132629607.json
2025-08-07 11:37:26,949 [INFO] ✅ Uploaded: W2214074259.pdf + W2214074259.json
2025-08-07 11:37:26,970 [INFO] ✅ Uploaded: W2159482845.pdf + W2159482845.json
2025-08-07 11:37:26,989 [INFO] ✅ Uploaded: W2432517183.pdf + W2432517183.json
2025-08-07 11:37:27,019 [INFO] ✅ Uploaded: W2549139847.pdf + W2549139847.json
2025-08-07 11:37:27,043 [INFO] ✅ Uploaded: W2108718991.pdf + W2108718991.json
2025-08-07 11:37:27,091 [INFO] ✅ Uploaded: W1903029394.pdf + W1903029394.json
2025-08-07 11:37:27,121 [INFO] ✅ Uploaded: W2124637492.pdf + W2124637492.json
2025-08-07 11:37:27,154 [INFO] ✅ Uploaded: W2110052313.pdf + W2110052313.json
2025-08-07 11:37:27,175 [INFO] ✅ Uploaded: W2099574482.pdf + W2099574482.json
2025-08-07 11:37:27,202 [INFO] ✅ Uploaded: W2151554678.pdf + W2151554678.json
2025-08-07 11:37:27,223 [INFO] ✅ Uploaded: W2737217596.pdf + W2737217596.json
2025-08-07 11:37:27,244 [INFO] ✅ Uploaded: W4248872320.pdf + W4248872320.json
2025-08-07 11:37:27,258 [INFO] ✅ Uploaded: W2163815564.pdf + W2163815564.json
2025-08-07 11:37:27,279 [INFO] ✅ Uploaded: W2099540110.pdf + W2099540110.json
2025-08-07 11:37:27,304 [INFO] ✅ Uploaded: W2104005232.pdf + W2104005232.json
2025-08-07 11:37:27,323 [INFO] ✅ Uploaded: W2327037637.pdf + W2327037637.json
2025-08-07 11:37:27,334 [INFO] ✅ Uploaded: W2081098333.pdf + W2081098333.json
2025-08-07 11:37:27,373 [INFO] ✅ Uploaded: W2034285706.pdf + W2034285706.json
2025-08-07 11:37:27,405 [INFO] ✅ Uploaded: W2963881378.pdf + W2963881378.json
2025-08-07 11:37:27,440 [INFO] ✅ Uploaded: W1966327575.pdf + W1966327575.json
2025-08-07 11:37:27,482 [INFO] ✅ Uploaded: W2900569176.pdf + W2900569176.json
2025-08-07 11:37:27,510 [INFO] ✅ Uploaded: W2102278945.pdf + W2102278945.json
2025-08-07 11:37:27,537 [INFO] ✅ Uploaded: W1832693441.pdf + W1832693441.json
2025-08-07 11:37:27,567 [INFO] ✅ Uploaded: W1906197854.pdf + W1906197854.json
2025-08-07 11:37:27,604 [INFO] ✅ Uploaded: W2122838852.pdf + W2122838852.json
2025-08-07 11:37:27,639 [INFO] ✅ Uploaded: W3123091495.pdf + W3123091495.json
2025-08-07 11:37:27,653 [INFO] ✅ Uploaded: W4236523229.pdf + W4236523229.json
2025-08-07 11:37:27,682 [INFO] ✅ Uploaded: W2128084896.pdf + W2128084896.json
2025-08-07 11:37:27,714 [INFO] ✅ Uploaded: W2618530766.pdf + W2618530766.json
2025-08-07 11:37:27,859 [INFO] ✅ Uploaded: W2004778468.pdf + W2004778468.json
2025-08-07 11:37:27,890 [INFO] ✅ Uploaded: W2108921801.pdf + W2108921801.json
2025-08-07 11:37:27,934 [INFO] ✅ Uploaded: W2963420686.pdf + W2963420686.json
2025-08-07 11:37:27,948 [INFO] ✅ Uploaded: W2148534890.pdf + W2148534890.json
2025-08-07 11:37:27,972 [INFO] ✅ Uploaded: W2166974667.pdf + W2166974667.json
2025-08-07 11:37:28,050 [INFO] ✅ Uploaded: W2962858109.pdf + W2962858109.json
2025-08-07 11:37:28,074 [INFO] ✅ Uploaded: W1971421925.pdf + W1971421925.json
2025-08-07 11:37:28,114 [INFO] ✅ Uploaded: W2111211467.pdf + W2111211467.json
2025-08-07 11:37:28,145 [INFO] ✅ Uploaded: W2097117768.pdf + W2097117768.json
2025-08-07 11:37:28,179 [INFO] ✅ Uploaded: W2148606196.pdf + W2148606196.json
2025-08-07 11:37:28,209 [INFO] ✅ Uploaded: W2799524357.pdf + W2799524357.json
2025-08-07 11:37:28,232 [INFO] ✅ Uploaded: W2163341755.pdf + W2163341755.json
2025-08-07 11:37:28,253 [INFO] ✅ Uploaded: W2099471712.pdf + W2099471712.json
2025-08-07 11:37:28,296 [INFO] ✅ Uploaded: W2121947440.pdf + W2121947440.json
2025-08-07 11:37:28,319 [INFO] ✅ Uploaded: W2137079713.pdf + W2137079713.json
2025-08-07 11:37:28,345 [INFO] ✅ Uploaded: W2774486220.pdf + W2774486220.json
2025-08-07 11:37:28,366 [INFO] ✅ Uploaded: W2009435671.pdf + W2009435671.json
2025-08-07 11:37:28,388 [INFO] ✅ Uploaded: W2099085143.pdf + W2099085143.json
2025-08-07 11:37:28,440 [INFO] ✅ Uploaded: W2132984323.pdf + W2132984323.json
2025-08-07 11:37:28,465 [INFO] ✅ Uploaded: W2136879569.pdf + W2136879569.json
2025-08-07 11:37:28,486 [INFO] ✅ Uploaded: W1554663460.pdf + W1554663460.json
2025-08-07 11:37:28,506 [INFO] ✅ Uploaded: W2155628349.pdf + W2155628349.json
2025-08-07 11:37:28,615 [INFO] ✅ Uploaded: W2963073614.pdf + W2963073614.json
2025-08-07 11:37:28,647 [INFO] ✅ Uploaded: W2963276645.pdf + W2963276645.json
2025-08-07 11:37:28,756 [INFO] ✅ Uploaded: W2067404301.pdf + W2067404301.json
2025-08-07 11:37:28,777 [INFO] ✅ Uploaded: W2608014122.pdf + W2608014122.json
2025-08-07 11:37:28,798 [INFO] ✅ Uploaded: W2132454074.pdf + W2132454074.json
2025-08-07 11:37:28,809 [INFO] ✅ Uploaded: W2127396309.pdf + W2127396309.json
2025-08-07 11:37:28,855 [INFO] ✅ Uploaded: W2259938310.pdf + W2259938310.json
2025-08-07 11:37:28,884 [INFO] ✅ Uploaded: W2110835349.pdf + W2110835349.json
2025-08-07 11:37:28,909 [INFO] ✅ Uploaded: W2789843538.pdf + W2789843538.json
2025-08-07 11:37:28,919 [INFO] ✅ Uploaded: W1995031937.pdf + W1995031937.json
2025-08-07 11:37:28,944 [INFO] ✅ Uploaded: W2145096794.pdf + W2145096794.json
2025-08-07 11:37:28,967 [INFO] ✅ Uploaded: W2095293504.pdf + W2095293504.json
2025-08-07 11:37:28,992 [INFO] ✅ Uploaded: W2117140276.pdf + W2117140276.json
2025-08-07 11:37:29,006 [INFO] ✅ Uploaded: W2103017472.pdf + W2103017472.json
2025-08-07 11:37:29,020 [INFO] ✅ Uploaded: W1570448133.pdf + W1570448133.json
2025-08-07 11:37:29,084 [INFO] ✅ Uploaded: W2592929672.pdf + W2592929672.json
2025-08-07 11:37:29,110 [INFO] ✅ Uploaded: W4294541781.pdf + W4294541781.json
2025-08-07 11:37:29,135 [INFO] ✅ Uploaded: W3008443627.pdf + W3008443627.json
2025-08-07 11:37:29,166 [INFO] ✅ Uploaded: W2006096283.pdf + W2006096283.json
2025-08-07 11:37:29,178 [INFO] ✅ Uploaded: W2140190241.pdf + W2140190241.json
2025-08-07 11:37:29,199 [INFO] ✅ Uploaded: W2114104545.pdf + W2114104545.json
2025-08-07 11:37:29,231 [INFO] ✅ Uploaded: W2124026197.pdf + W2124026197.json
2025-08-07 11:37:29,272 [INFO] ✅ Uploaded: W2167279371.pdf + W2167279371.json
2025-08-07 11:37:29,300 [INFO] ✅ Uploaded: W2120145199.pdf + W2120145199.json
2025-08-07 11:37:29,325 [INFO] ✅ Uploaded: W3022808291.pdf + W3022808291.json
2025-08-07 11:37:29,394 [INFO] ✅ Uploaded: W2570343428.pdf + W2570343428.json
2025-08-07 11:37:29,422 [INFO] ✅ Uploaded: W2161633633.pdf + W2161633633.json
2025-08-07 11:37:29,438 [INFO] ✅ Uploaded: W2072970694.pdf + W2072970694.json
2025-08-07 11:37:29,460 [INFO] ✅ Uploaded: W3125688476.pdf + W3125688476.json
2025-08-07 11:37:29,510 [INFO] ✅ Uploaded: W2019465613.pdf + W2019465613.json
2025-08-07 11:37:29,545 [INFO] ✅ Uploaded: W2131681506.pdf + W2131681506.json
2025-08-07 11:37:29,571 [INFO] ✅ Uploaded: W2116199508.pdf + W2116199508.json
2025-08-07 11:37:29,615 [INFO] ✅ Uploaded: W2725897987.pdf + W2725897987.json
2025-08-07 11:37:29,629 [INFO] ✅ Uploaded: W2028302194.pdf + W2028302194.json
2025-08-07 11:37:29,654 [INFO] ✅ Uploaded: W2103496339.pdf + W2103496339.json
2025-08-07 11:37:29,681 [INFO] ✅ Uploaded: W2105846236.pdf + W2105846236.json
2025-08-07 11:37:29,704 [INFO] ✅ Uploaded: W1966078827.pdf + W1966078827.json
2025-08-07 11:37:29,719 [INFO] ✅ Uploaded: W2148698435.pdf + W2148698435.json
2025-08-07 11:37:29,734 [INFO] ✅ Uploaded: W2130509920.pdf + W2130509920.json
2025-08-07 11:37:29,765 [INFO] ✅ Uploaded: W3138516171.pdf + W3138516171.json
2025-08-07 11:37:29,835 [INFO] ✅ Uploaded: W2102605133.pdf + W2102605133.json
2025-08-07 11:37:29,848 [INFO] ✅ Uploaded: W2061935394.pdf + W2061935394.json
2025-08-07 11:37:29,884 [INFO] ✅ Uploaded: W2146512944.pdf + W2146512944.json
2025-08-07 11:37:29,944 [INFO] ✅ Uploaded: W4232836212.pdf + W4232836212.json
2025-08-07 11:37:29,966 [INFO] ✅ Uploaded: W2098923148.pdf + W2098923148.json
2025-08-07 11:37:29,983 [INFO] ✅ Uploaded: W1566830427.pdf + W1566830427.json
2025-08-07 11:37:29,998 [INFO] ✅ Uploaded: W2599076725.pdf + W2599076725.json
2025-08-07 11:37:30,025 [INFO] ✅ Uploaded: W4292363360.pdf + W4292363360.json
2025-08-07 11:37:30,054 [INFO] ✅ Uploaded: W2021341670.pdf + W2021341670.json
2025-08-07 11:37:30,080 [INFO] ✅ Uploaded: W4247053599.pdf + W4247053599.json
2025-08-07 11:37:30,110 [INFO] ✅ Uploaded: W3146083582.pdf + W3146083582.json
2025-08-07 11:37:30,136 [INFO] ✅ Uploaded: W2194775991.pdf + W2194775991.json
2025-08-07 11:37:30,159 [INFO] ✅ Uploaded: W2173251738.pdf + W2173251738.json
2025-08-07 11:37:30,183 [INFO] ✅ Uploaded: W2127322768.pdf + W2127322768.json
2025-08-07 11:37:30,204 [INFO] ✅ Uploaded: W1985749074.pdf + W1985749074.json
2025-08-07 11:37:30,233 [INFO] ✅ Uploaded: W2804822363.pdf + W2804822363.json
2025-08-07 11:37:30,290 [INFO] ✅ Uploaded: W1990631438.pdf + W1990631438.json
2025-08-07 11:37:30,318 [INFO] ✅ Uploaded: W2123709218.pdf + W2123709218.json
2025-08-07 11:37:30,336 [INFO] ✅ Uploaded: W2142678478.pdf + W2142678478.json
2025-08-07 11:37:30,374 [INFO] ✅ Uploaded: W2028231353.pdf + W2028231353.json
2025-08-07 11:37:30,401 [INFO] ✅ Uploaded: W2159675211.pdf + W2159675211.json
2025-08-07 11:37:30,415 [INFO] ✅ Uploaded: W1563088657.pdf + W1563088657.json
2025-08-07 11:37:30,438 [INFO] ✅ Uploaded: W2160697532.pdf + W2160697532.json
2025-08-07 11:37:30,450 [INFO] ✅ Uploaded: W2154845780.pdf + W2154845780.json
2025-08-07 11:37:30,531 [INFO] ✅ Uploaded: W639708223.pdf + W639708223.json
2025-08-07 11:37:30,555 [INFO] ✅ Uploaded: W4295312788.pdf + W4295312788.json
2025-08-07 11:37:30,584 [INFO] ✅ Uploaded: W2138207763.pdf + W2138207763.json
2025-08-07 11:37:30,639 [INFO] ✅ Uploaded: W2560023338.pdf + W2560023338.json
2025-08-07 11:37:30,672 [INFO] ✅ Uploaded: W2118877769.pdf + W2118877769.json
2025-08-07 11:37:30,699 [INFO] ✅ Uploaded: W2128495200.pdf + W2128495200.json
2025-08-07 11:37:30,725 [INFO] ✅ Uploaded: W3099878876.pdf + W3099878876.json
2025-08-07 11:37:30,780 [INFO] ✅ Uploaded: W1978890358.pdf + W1978890358.json
2025-08-07 11:37:30,802 [INFO] ✅ Uploaded: W3102014803.pdf + W3102014803.json
2025-08-07 11:37:30,826 [INFO] ✅ Uploaded: W2951912016.pdf + W2951912016.json
2025-08-07 11:37:30,839 [INFO] ✅ Uploaded: W2170899200.pdf + W2170899200.json
2025-08-07 11:37:30,853 [INFO] ✅ Uploaded: W2102619694.pdf + W2102619694.json
2025-08-07 11:37:30,885 [INFO] ✅ Uploaded: W4239510810.pdf + W4239510810.json
2025-08-07 11:37:30,917 [INFO] ✅ Uploaded: W2302501749.pdf + W2302501749.json
2025-08-07 11:37:30,938 [INFO] ✅ Uploaded: W2038702827.pdf + W2038702827.json
2025-08-07 11:37:30,967 [INFO] ✅ Uploaded: W2944434778.pdf + W2944434778.json
2025-08-07 11:37:30,995 [INFO] ✅ Uploaded: W2087484885.pdf + W2087484885.json
2025-08-07 11:37:31,028 [INFO] ✅ Uploaded: W2035266068.pdf + W2035266068.json
2025-08-07 11:37:31,054 [INFO] ✅ Uploaded: W2156098321.pdf + W2156098321.json
2025-08-07 11:37:31,077 [INFO] ✅ Uploaded: W2009310436.pdf + W2009310436.json
2025-08-07 11:37:31,121 [INFO] ✅ Uploaded: W2560438049.pdf + W2560438049.json
2025-08-07 11:37:31,149 [INFO] ✅ Uploaded: W2150220236.pdf + W2150220236.json
2025-08-07 11:37:31,179 [INFO] ✅ Uploaded: W2150134853.pdf + W2150134853.json
2025-08-07 11:37:31,201 [INFO] ✅ Uploaded: W2133465414.pdf + W2133465414.json
2025-08-07 11:37:31,228 [INFO] ✅ Uploaded: W2145538332.pdf + W2145538332.json
2025-08-07 11:37:31,264 [INFO] ✅ Uploaded: W2154714625.pdf + W2154714625.json
2025-08-07 11:37:31,302 [INFO] ✅ Uploaded: W1677182931.pdf + W1677182931.json
2025-08-07 11:37:31,324 [INFO] ✅ Uploaded: W1499500424.pdf + W1499500424.json
2025-08-07 11:37:31,376 [INFO] ✅ Uploaded: W2128158076.pdf + W2128158076.json
2025-08-07 11:37:31,401 [INFO] ✅ Uploaded: W2990714382.pdf + W2990714382.json
2025-08-07 11:37:31,431 [INFO] ✅ Uploaded: W2401404581.pdf + W2401404581.json
2025-08-07 11:37:31,450 [INFO] ✅ Uploaded: W2111647009.pdf + W2111647009.json
2025-08-07 11:37:31,484 [INFO] ✅ Uploaded: W2963470893.pdf + W2963470893.json
2025-08-07 11:37:31,535 [INFO] ✅ Uploaded: W2150981663.pdf + W2150981663.json
2025-08-07 11:37:31,608 [INFO] ✅ Uploaded: W4292779060.pdf + W4292779060.json
2025-08-07 11:37:31,629 [INFO] ✅ Uploaded: W2161969291.pdf + W2161969291.json
2025-08-07 11:37:31,657 [INFO] ✅ Uploaded: W2015292449.pdf + W2015292449.json
2025-08-07 11:37:31,680 [INFO] ✅ Uploaded: W1988790447.pdf + W1988790447.json
2025-08-07 11:37:31,713 [INFO] ✅ Uploaded: W2119180969.pdf + W2119180969.json
2025-08-07 11:37:32,127 [INFO] ✅ Uploaded: W4292528167.pdf + W4292528167.json
2025-08-07 11:37:32,146 [INFO] ✅ Uploaded: W2166689829.pdf + W2166689829.json
2025-08-07 11:37:32,177 [INFO] ✅ Uploaded: W2017871657.pdf + W2017871657.json
2025-08-07 11:37:32,203 [INFO] ✅ Uploaded: W2970684805.pdf + W2970684805.json
2025-08-07 11:37:32,235 [INFO] ✅ Uploaded: W2565639579.pdf + W2565639579.json
2025-08-07 11:37:32,380 [INFO] ✅ Uploaded: W2034139177.pdf + W2034139177.json
2025-08-07 11:37:32,407 [INFO] ✅ Uploaded: W2158714788.pdf + W2158714788.json
2025-08-07 11:37:32,435 [INFO] ✅ Uploaded: W2111619626.pdf + W2111619626.json
2025-08-07 11:37:32,464 [INFO] ✅ Uploaded: W2031611770.pdf + W2031611770.json
2025-08-07 11:37:32,488 [INFO] ✅ Uploaded: W2161374186.pdf + W2161374186.json
2025-08-07 11:37:32,504 [INFO] ✅ Uploaded: W2108234281.pdf + W2108234281.json
2025-08-07 11:37:32,532 [INFO] ✅ Uploaded: W2963163009.pdf + W2963163009.json
2025-08-07 11:37:32,542 [INFO] ✅ Uploaded: W1678356000.pdf + W1678356000.json
2025-08-07 11:37:32,556 [INFO] ✅ Uploaded: W2141052558.pdf + W2141052558.json
2025-08-07 11:37:32,572 [INFO] ✅ Uploaded: W2127774996.pdf + W2127774996.json
2025-08-07 11:37:32,596 [INFO] ✅ Uploaded: W2963351448.pdf + W2963351448.json
2025-08-07 11:37:32,620 [INFO] ✅ Uploaded: W2051978340.pdf + W2051978340.json
2025-08-07 11:37:32,648 [INFO] ✅ Uploaded: W2928665623.pdf + W2928665623.json
2025-08-07 11:37:32,657 [INFO] ✅ Uploaded: W4388297464.pdf + W4388297464.json
2025-08-07 11:37:32,676 [INFO] ✅ Uploaded: W2128880918.pdf + W2128880918.json
2025-08-07 11:37:32,690 [INFO] ✅ Uploaded: W2132926880.pdf + W2132926880.json
2025-08-07 11:37:32,699 [INFO] ✅ Uploaded: W2140918013.pdf + W2140918013.json
2025-08-07 11:37:32,725 [INFO] ✅ Uploaded: W2531409750.pdf + W2531409750.json
2025-08-07 11:37:32,745 [INFO] ✅ Uploaded: W2157107905.pdf + W2157107905.json
2025-08-07 11:37:32,765 [INFO] ✅ Uploaded: W2169205464.pdf + W2169205464.json
2025-08-07 11:37:32,821 [INFO] ✅ Uploaded: W2963037989.pdf + W2963037989.json
2025-08-07 11:37:32,855 [INFO] ✅ Uploaded: W2752782242.pdf + W2752782242.json
2025-08-07 11:37:32,874 [INFO] ✅ Uploaded: W2135526934.pdf + W2135526934.json
2025-08-07 11:37:32,894 [INFO] ✅ Uploaded: W2222512263.pdf + W2222512263.json
2025-08-07 11:37:32,912 [INFO] ✅ Uploaded: W2106952837.pdf + W2106952837.json
2025-08-07 11:37:32,927 [INFO] ✅ Uploaded: W2158266834.pdf + W2158266834.json
2025-08-07 11:37:32,945 [INFO] ✅ Uploaded: W2180229411.pdf + W2180229411.json
2025-08-07 11:37:32,955 [INFO] ✅ Uploaded: W2128438887.pdf + W2128438887.json
2025-08-07 11:37:32,975 [INFO] ✅ Uploaded: W2097382368.pdf + W2097382368.json
2025-08-07 11:37:33,000 [INFO] ✅ Uploaded: W2119605622.pdf + W2119605622.json
2025-08-07 11:37:33,026 [INFO] ✅ Uploaded: W2121745948.pdf + W2121745948.json
2025-08-07 11:37:33,045 [INFO] ✅ Uploaded: W3118615836.pdf + W3118615836.json
2025-08-07 11:37:33,069 [INFO] ✅ Uploaded: W4236137412.pdf + W4236137412.json
2025-08-07 11:37:33,087 [INFO] ✅ Uploaded: W2165010366.pdf + W2165010366.json
2025-08-07 11:37:33,104 [INFO] ✅ Uploaded: W2964121744.pdf + W2964121744.json
2025-08-07 11:37:33,128 [INFO] ✅ Uploaded: W2152239989.pdf + W2152239989.json
2025-08-07 11:37:33,145 [INFO] ✅ Uploaded: W2036897871.pdf + W2036897871.json
2025-08-07 11:37:33,165 [INFO] ✅ Uploaded: W2164278908.pdf + W2164278908.json
2025-08-07 11:37:33,215 [INFO] ✅ Uploaded: W1996360405.pdf + W1996360405.json
2025-08-07 11:37:33,235 [INFO] ✅ Uploaded: W2727420541.pdf + W2727420541.json
2025-08-07 11:37:33,258 [INFO] ✅ Uploaded: W2105668062.pdf + W2105668062.json
2025-08-07 11:37:33,276 [INFO] ✅ Uploaded: W2962739339.pdf + W2962739339.json
2025-08-07 11:37:33,294 [INFO] ✅ Uploaded: W2169667133.pdf + W2169667133.json
2025-08-07 11:37:33,314 [INFO] ✅ Uploaded: W2152885278.pdf + W2152885278.json
2025-08-07 11:37:33,330 [INFO] ✅ Uploaded: W2965373594.pdf + W2965373594.json
2025-08-07 11:37:33,345 [INFO] ✅ Uploaded: W3006659024.pdf + W3006659024.json
2025-08-07 11:37:33,375 [INFO] ✅ Uploaded: W2024966118.pdf + W2024966118.json
2025-08-07 11:37:33,394 [INFO] ✅ Uploaded: W2150926065.pdf + W2150926065.json
2025-08-07 11:37:33,417 [INFO] ✅ Uploaded: W2132632499.pdf + W2132632499.json
2025-08-07 11:37:33,427 [INFO] ✅ Uploaded: W4294216483.pdf + W4294216483.json
2025-08-07 11:37:33,446 [INFO] ✅ Uploaded: W2157331557.pdf + W2157331557.json
2025-08-07 11:37:33,468 [INFO] ✅ Uploaded: W2963446712.pdf + W2963446712.json
2025-08-07 11:37:33,468 [INFO] 
📦 PDFs uploaded: 291
2025-08-07 11:37:33,468 [INFO] ⏩ Skipped: 0
2025-08-07 11:37:33,468 [INFO] ❌ Failed: 0
2025-08-07 11:37:33,468 [INFO] ✅ Upload complete.
